<?xml version="1.0" encoding="UTF-8"?>
<!-- Generated by org.testng.reporters.JUnitReportReporter -->
<testsuite hostname="TEST05" name="zolota.HomePageTest" tests="2" failures="0" timestamp="27 Oct 2015 15:25:15 GMT" time="0.192" errors="0">
  <testcase name="test2" time="0.003" classname="zolota.HomePageTest"/>
  <testcase name="testH1Existing" time="0.189" classname="zolota.HomePageTest"/>
</testsuite> <!-- zolota.HomePageTest -->
