<?xml version="1.0" encoding="UTF-8"?>
<!-- Generated by org.testng.reporters.JUnitReportReporter -->
<testsuite hostname="TEST05" name="zolota.Login" tests="1" failures="0" timestamp="27 Oct 2015 15:30:01 GMT" time="4.298" errors="0">
  <testcase name="testUntitled" time="4.298" classname="zolota.Login"/>
</testsuite> <!-- zolota.Login -->
